<?xml version="1.0" encoding="UTF-8"?>
<!-- Generated by org.testng.reporters.JUnitReportReporter -->
<testsuite hostname="DESKTOP-FOV1PRD" name="scripts.CLubmahindraReview" tests="1" failures="0" timestamp="27 Dec 2019 14:59:59 GMT" time="40.300" errors="0">
  <testcase name="clubmahindra" time="40.300" classname="scripts.CLubmahindraReview"/>
</testsuite> <!-- scripts.CLubmahindraReview -->
